<?xml version="1.0" encoding="UTF-8"?>
<!-- Generated by org.testng.reporters.JUnitReportReporter -->
<testsuite hostname="LAPTOP-7AU8Q5RQ" failures="0" tests="1" name="com.facebook.Verify" time="8.579" errors="0" timestamp="2021-06-17T16:34:38 EDT" skipped="0">
  <testcase classname="com.facebook.Verify" name="loginSample" time="8.579"/>
  <system-out/>
</testsuite> <!-- com.facebook.Verify -->
